<?xml version="1.0" encoding="UTF-8"?>
<testsuite xmlns:xsi="http://www.w3.org/2001/XMLSchema-instance" xsi:noNamespaceSchemaLocation="https://maven.apache.org/surefire/maven-surefire-plugin/xsd/surefire-test-report.xsd" name="nl.developers.randyvroegop.sollicitatieapp.resume.model.ExperienceTest" time="0.257" tests="3" errors="0" skipped="0" failures="0">
  <properties>
[...]
</properties>
  <testcase name="experienceShouldHaveCompanyName" classname="nl.developers.randyvroegop.sollicitatieapp.resume.model.ExperienceTest" time="0.226"/>
  <testcase name="yearsExperienceShouldBeHigherThenZero" classname="nl.developers.randyvroegop.sollicitatieapp.resume.model.ExperienceTest" time="0.016"/>
  <testcase name="experienceShouldBeValid" classname="nl.developers.randyvroegop.sollicitatieapp.resume.model.ExperienceTest" time="0.013"/>
</testsuite>